18:12:15.667 INFO [GridLauncherV3.parse] - Selenium server version: 3.141.59, revision: e82be7d358
18:12:15.795 INFO [GridLauncherV3.lambda$buildLaunchers$3] - Launching a standalone Selenium Server on port 4444
2019-01-25 18:12:15.852:INFO::main: Logging initialized @552ms to org.seleniumhq.jetty9.util.log.StdErrLog
18:12:16.209 INFO [WebDriverServlet.<init>] - Initialising WebDriverServlet
18:12:16.325 ERROR [BaseServer.start] - Port 4444 is busy, please choose a free port and specify it using -port option
Exception in thread "main" java.lang.RuntimeException: java.net.BindException: Address already in use: bind
	at org.openqa.selenium.grid.server.BaseServer.start(BaseServer.java:221)
	at org.openqa.selenium.remote.server.SeleniumServer.boot(SeleniumServer.java:131)
	at org.openqa.grid.selenium.GridLauncherV3.lambda$buildLaunchers$3(GridLauncherV3.java:249)
	at org.openqa.grid.selenium.GridLauncherV3.lambda$launch$0(GridLauncherV3.java:86)
	at java.util.Optional.map(Unknown Source)
	at org.openqa.grid.selenium.GridLauncherV3.launch(GridLauncherV3.java:86)
	at org.openqa.grid.selenium.GridLauncherV3.main(GridLauncherV3.java:70)
Caused by: java.net.BindException: Address already in use: bind
	at sun.nio.ch.Net.bind0(Native Method)
	at sun.nio.ch.Net.bind(Unknown Source)
	at sun.nio.ch.Net.bind(Unknown Source)
	at sun.nio.ch.ServerSocketChannelImpl.bind(Unknown Source)
	at sun.nio.ch.ServerSocketAdaptor.bind(Unknown Source)
	at org.seleniumhq.jetty9.server.ServerConnector.openAcceptChannel(ServerConnector.java:339)
	at org.seleniumhq.jetty9.server.ServerConnector.open(ServerConnector.java:307)
	at org.seleniumhq.jetty9.server.AbstractNetworkConnector.doStart(AbstractNetworkConnector.java:80)
	at org.seleniumhq.jetty9.server.ServerConnector.doStart(ServerConnector.java:235)
	at org.seleniumhq.jetty9.util.component.AbstractLifeCycle.start(AbstractLifeCycle.java:68)
	at org.seleniumhq.jetty9.server.Server.doStart(Server.java:395)
	at org.seleniumhq.jetty9.util.component.AbstractLifeCycle.start(AbstractLifeCycle.java:68)
	at org.openqa.selenium.grid.server.BaseServer.start(BaseServer.java:202)
	... 6 more
ca1a212cdba0452573b8f5 (org.openqa.selenium.chrome.ChromeDriverService)
18:12:25.806 INFO [ActiveSessions$1.onStop] - Removing session 54624e61ceca1a212cdba0452573b8f5 (org.openqa.selenium.chrome.ChromeDriverService)
1548420146460	Marionette	INFO	Listening on port 50138
18:12:26.866 INFO [ProtocolHandshake.createSession] - Detected dialect: W3C
18:12:26.885 INFO [RemoteSession$Factory.lambda$performHandshake$0] - Started new session f9136241-bb4e-4726-80ab-58919746266f (org.openqa.selenium.firefox.GeckoDriverService)
1548420148570	Marionette	INFO	Stopped listening on port 50138
JavaScript error: resource://activity-stream/lib/ActivityStreamPrefs.jsm, line 29: NS_ERROR_ILLEGAL_VALUE: Component returned failure code: 0x80070057 (NS_ERROR_ILLEGAL_VALUE) [nsIPrefBranch.removeObserver]
[Parent 32840, Gecko_IOThread] WARNING: pipe error: 109: file z:/build/build/src/ipc/chromium/src/chrome/common/ipc_channel_win.cc, line 346
[Child 14988, Chrome_ChildThread] WARNING: pipe error: 109: file z:/build/build/src/ipc/chromium/src/chrome/common/ipc_channel_win.cc, line 346
[Child 14988, Chrome_ChildThread] WARNING: pipe error: 109: file z:/build/build/src/ipc/chromium/src/chrome/common/ipc_channel_win.cc, line 346
IPDL protocol error: Handler returned error code!

###!!! [Parent][DispatchAsyncMessage] Error: PLayerTransaction::Msg_ReleaseLayer Processing error: message was deserialized, but the handler returned false (indicating failure)

[Parent 32840, Gecko_IOThread] WARNING: pipe error: 109: file z:/build/build/src/ipc/chromium/src/chrome/common/ipc_channel_win.cc, line 346
JavaScript error: resource://gre/modules/WebProgressChild.jsm, line 58: TypeError: this.mm.content is null
JavaScript error: resource://gre/modules/WebProgressChild.jsm, line 58: TypeError: this.mm.content is null
[Child 11216, Chrome_ChildThread] WARNING: pipe error: 109: file z:/build/build/src/ipc/chromium/src/chrome/common/ipc_channel_win.cc, line 346
[Child 11216, Chrome_ChildThread] WARNING: pipe error: 109: file z:/build/build/src/ipc/chromium/src/chrome/common/ipc_channel_win.cc, line 346
[Parent 32840, Gecko_IOThread] WARNING: pipe error: 109: file z:/build/build/src/ipc/chromium/src/chrome/common/ipc_channel_win.cc, line 346
[Child 35740, Chrome_ChildThread] WARNING: pipe error: 109: file z:/build/build/src/ipc/chromium/src/chrome/common/ipc_channel_win.cc, line 346
[Child 357console.error: 
  [Exception... "Component returned failure code: 0x80004005 (NS_ERROR_FAILURE) [nsIAppShellService.hiddenDOMWindow]"  nsresult: "0x80004005 (NS_ERROR_FAILURE)"  location: "JS frame :: resource://activity-stream/lib/DownloadsManager.jsm :: init :: line 44"  data: no]: init@resource://activity-stream/lib/DownloadsManager.jsm:44:5
postInit@resource://activity-stream/lib/HighlightsFeed.jsm:60:5
handler@resource://gre/modules/EventEmitter.jsm:94:11
emit@resource://gre/modules/EventEmitter.jsm:149:11
init@resource://activity-stream/lib/SectionsManager.jsm:119:5

JavaScript error: resource://activity-stream/lib/PlacesFeed.jsm, line 171: NS_ERROR_UNEXPECTED: Component returned failure code: 0x8000ffff (NS_ERROR_UNEXPECTED) [nsINavHistoryService.addObserver]
JavaScript error: resource://gre/modules/AsyncShutdown.jsm, line 683: Error: Phase "profile-before-change" is finished, it is too late to register completion condition "JSON store: writing data"
JavaScript error: resource://gre/modules/IndexedDB.jsm, line 349: UnknownError: The operation failed for reasons unrelated to the database itself and not covered by any other error code.
JavaScript error: resource://gre/modules/IndexedDB.jsm, line 349: UnknownError: The operation failed for reasons unrelated to the database itself and not covered by any other error code.
JavaScript error: resource://gre/modules/IndexedDB.jsm, line 349: UnknownError: The operation failed for reasons unrelated to the database itself and not covered by any other error code.
JavaScript error: resource://gre/modules/Sqlite.jsm, line 841: Error: Connection is not open.

###!!! [Child][RunMessage] Error: Channel closing: too late to send/recv, messages will be lost

[GPU 23276, Chrome_Child
###!!! [Child][MessageChannel::SendAndWait] Error: Channel error: cannot send/recv

18:12:32.499 INFO [ActiveSessions$1.onStop] - Removing session f9136241-bb4e-4726-80ab-58919746266f (org.openqa.selenium.firefox.GeckoDriverService)
